This file contains any messages produced by compilers while
running configure, to aid debugging if configure makes a mistake.

It was created by glade3 configure 3.8.5, which was
generated by GNU Autoconf 2.69.  Invocation command line was

  $ ./configure 

## --------- ##
## Platform. ##
## --------- ##

hostname = luigi-Swift-SFX14-41G
uname -m = x86_64
uname -r = 5.14.12-051412-generic
uname -s = Linux
uname -v = #202110130438 SMP Wed Oct 13 09:22:26 UTC 2021

/usr/bin/uname -p = x86_64
/bin/uname -X     = unknown

/bin/arch              = x86_64
/usr/bin/arch -k       = unknown
/usr/convex/getsysinfo = unknown
/usr/bin/hostinfo      = unknown
/bin/machine           = unknown
/usr/bin/oslevel       = unknown
/bin/universe          = unknown

PATH: /opt/riscv32/bin
PATH: /usr/local/sbin
PATH: /usr/local/bin
PATH: /usr/sbin
PATH: /usr/bin
PATH: /sbin
PATH: /bin
PATH: /usr/games
PATH: /usr/local/games
PATH: /snap/bin


## ----------- ##
## Core tests. ##
## ----------- ##

configure:2469: checking build system type
configure:2483: result: x86_64-unknown-linux-gnu
configure:2503: checking host system type
configure:2516: result: x86_64-unknown-linux-gnu
configure:2536: checking target system type
configure:2549: result: x86_64-unknown-linux-gnu
configure:2593: checking for a BSD-compatible install
configure:2661: result: /usr/bin/install -c
configure:2672: checking whether build environment is sane
configure:2727: result: yes
configure:2876: checking for a thread-safe mkdir -p
configure:2915: result: /usr/bin/mkdir -p
configure:2922: checking for gawk
configure:2938: found /usr/bin/gawk
configure:2949: result: gawk
configure:2960: checking whether make sets $(MAKE)
configure:2982: result: yes
configure:3011: checking whether make supports nested variables
configure:3028: result: yes
configure:3156: checking whether to enable maintainer-specific portions of Makefiles
configure:3165: result: no
configure:3193: checking whether make supports nested variables
configure:3210: result: yes
configure:3223: checking whether NLS is requested
configure:3232: result: yes
configure:3248: checking for style of include used by make
configure:3276: result: GNU
configure:3347: checking for gcc
configure:3363: found /usr/bin/gcc
configure:3374: result: gcc
configure:3603: checking for C compiler version
configure:3612: gcc --version >&5
gcc (Ubuntu 9.3.0-17ubuntu1~20.04) 9.3.0
Copyright (C) 2019 Free Software Foundation, Inc.
This is free software; see the source for copying conditions.  There is NO
warranty; not even for MERCHANTABILITY or FITNESS FOR A PARTICULAR PURPOSE.

configure:3623: $? = 0
configure:3612: gcc -v >&5
Using built-in specs.
COLLECT_GCC=gcc
COLLECT_LTO_WRAPPER=/usr/lib/gcc/x86_64-linux-gnu/9/lto-wrapper
OFFLOAD_TARGET_NAMES=nvptx-none:hsa
OFFLOAD_TARGET_DEFAULT=1
Target: x86_64-linux-gnu
Configured with: ../src/configure -v --with-pkgversion='Ubuntu 9.3.0-17ubuntu1~20.04' --with-bugurl=file:///usr/share/doc/gcc-9/README.Bugs --enable-languages=c,ada,c++,go,brig,d,fortran,objc,obj-c++,gm2 --prefix=/usr --with-gcc-major-version-only --program-suffix=-9 --program-prefix=x86_64-linux-gnu- --enable-shared --enable-linker-build-id --libexecdir=/usr/lib --without-included-gettext --enable-threads=posix --libdir=/usr/lib --enable-nls --enable-clocale=gnu --enable-libstdcxx-debug --enable-libstdcxx-time=yes --with-default-libstdcxx-abi=new --enable-gnu-unique-object --disable-vtable-verify --enable-plugin --enable-default-pie --with-system-zlib --with-target-system-zlib=auto --enable-objc-gc=auto --enable-multiarch --disable-werror --with-arch-32=i686 --with-abi=m64 --with-multilib-list=m32,m64,mx32 --enable-multilib --with-tune=generic --enable-offload-targets=nvptx-none=/build/gcc-9-HskZEa/gcc-9-9.3.0/debian/tmp-nvptx/usr,hsa --without-cuda-driver --enable-checking=release --build=x86_64-linux-gnu --host=x86_64-linux-gnu --target=x86_64-linux-gnu
Thread model: posix
gcc version 9.3.0 (Ubuntu 9.3.0-17ubuntu1~20.04) 
configure:3623: $? = 0
configure:3612: gcc -V >&5
gcc: error: unrecognized command line option '-V'
gcc: fatal error: no input files
compilation terminated.
configure:3623: $? = 1
configure:3612: gcc -qversion >&5
gcc: error: unrecognized command line option '-qversion'; did you mean '--version'?
gcc: fatal error: no input files
compilation terminated.
configure:3623: $? = 1
configure:3643: checking whether the C compiler works
configure:3665: gcc    conftest.c  >&5
configure:3669: $? = 0
configure:3717: result: yes
configure:3720: checking for C compiler default output file name
configure:3722: result: a.out
configure:3728: checking for suffix of executables
configure:3735: gcc -o conftest    conftest.c  >&5
configure:3739: $? = 0
configure:3761: result: 
configure:3783: checking whether we are cross compiling
configure:3791: gcc -o conftest    conftest.c  >&5
configure:3795: $? = 0
configure:3802: ./conftest
configure:3806: $? = 0
configure:3794: result: no
configure:3799: checking for suffix of object files
configure:3821: gcc -c   conftest.c >&5
configure:3825: $? = 0
configure:3846: result: o
configure:3850: checking whether we are using the GNU C compiler
configure:3869: gcc -c   conftest.c >&5
configure:3869: $? = 0
configure:3878: result: yes
configure:3887: checking whether gcc accepts -g
configure:3907: gcc -c -g  conftest.c >&5
configure:3907: $? = 0
configure:3948: result: yes
configure:3965: checking for gcc option to accept ISO C89
configure:4028: gcc  -c -g -O2  conftest.c >&5
configure:4028: $? = 0
configure:4041: result: none needed
configure:4066: checking whether gcc understands -c and -o together
configure:4088: gcc -c conftest.c -o conftest2.o
configure:4091: $? = 0
configure:4088: gcc -c conftest.c -o conftest2.o
configure:4091: $? = 0
configure:4103: result: yes
configure:4122: checking dependency style of gcc
configure:4233: result: gcc3
configure:4263: checking for intltool >= 0.35.0
configure:4265: result: 0.51.0 found
configure:4273: checking for intltool-update
configure:4291: found /usr/bin/intltool-update
configure:4303: result: /usr/bin/intltool-update
configure:4313: checking for intltool-merge
configure:4331: found /usr/bin/intltool-merge
configure:4343: result: /usr/bin/intltool-merge
configure:4353: checking for intltool-extract
configure:4371: found /usr/bin/intltool-extract
configure:4383: result: /usr/bin/intltool-extract
configure:4537: checking for xgettext
configure:4555: found /usr/bin/xgettext
configure:4567: result: /usr/bin/xgettext
configure:4577: checking for msgmerge
configure:4595: found /usr/bin/msgmerge
configure:4607: result: /usr/bin/msgmerge
configure:4617: checking for msgfmt
configure:4635: found /usr/bin/msgfmt
configure:4647: result: /usr/bin/msgfmt
configure:4657: checking for gmsgfmt
configure:4688: result: /usr/bin/msgfmt
configure:4708: checking for perl
configure:4726: found /usr/bin/perl
configure:4738: result: /usr/bin/perl
configure:4749: checking for perl >= 5.8.1
configure:4756: result: 5.30.0
configure:4760: checking for XML::Parser
configure:4763: result: ok
configure:4788: gcc -o conftest -g -O2   conftest.c  >&5
configure:4788: $? = 0
configure:4817: checking for glib-genmarshal
configure:4835: found /usr/bin/glib-genmarshal
configure:4847: result: /usr/bin/glib-genmarshal
configure:4857: checking for dlltool
configure:4890: result: no
configure:4896: checking for library containing strerror
configure:4927: gcc -o conftest -g -O2   conftest.c  >&5
configure:4927: $? = 0
configure:4944: result: none required
configure:5000: checking for gcc
configure:5027: result: gcc
configure:5256: checking for C compiler version
configure:5265: gcc --version >&5
gcc (Ubuntu 9.3.0-17ubuntu1~20.04) 9.3.0
Copyright (C) 2019 Free Software Foundation, Inc.
This is free software; see the source for copying conditions.  There is NO
warranty; not even for MERCHANTABILITY or FITNESS FOR A PARTICULAR PURPOSE.

configure:5276: $? = 0
configure:5265: gcc -v >&5
Using built-in specs.
COLLECT_GCC=gcc
COLLECT_LTO_WRAPPER=/usr/lib/gcc/x86_64-linux-gnu/9/lto-wrapper
OFFLOAD_TARGET_NAMES=nvptx-none:hsa
OFFLOAD_TARGET_DEFAULT=1
Target: x86_64-linux-gnu
Configured with: ../src/configure -v --with-pkgversion='Ubuntu 9.3.0-17ubuntu1~20.04' --with-bugurl=file:///usr/share/doc/gcc-9/README.Bugs --enable-languages=c,ada,c++,go,brig,d,fortran,objc,obj-c++,gm2 --prefix=/usr --with-gcc-major-version-only --program-suffix=-9 --program-prefix=x86_64-linux-gnu- --enable-shared --enable-linker-build-id --libexecdir=/usr/lib --without-included-gettext --enable-threads=posix --libdir=/usr/lib --enable-nls --enable-clocale=gnu --enable-libstdcxx-debug --enable-libstdcxx-time=yes --with-default-libstdcxx-abi=new --enable-gnu-unique-object --disable-vtable-verify --enable-plugin --enable-default-pie --with-system-zlib --with-target-system-zlib=auto --enable-objc-gc=auto --enable-multiarch --disable-werror --with-arch-32=i686 --with-abi=m64 --with-multilib-list=m32,m64,mx32 --enable-multilib --with-tune=generic --enable-offload-targets=nvptx-none=/build/gcc-9-HskZEa/gcc-9-9.3.0/debian/tmp-nvptx/usr,hsa --without-cuda-driver --enable-checking=release --build=x86_64-linux-gnu --host=x86_64-linux-gnu --target=x86_64-linux-gnu
Thread model: posix
gcc version 9.3.0 (Ubuntu 9.3.0-17ubuntu1~20.04) 
configure:5276: $? = 0
configure:5265: gcc -V >&5
gcc: error: unrecognized command line option '-V'
gcc: fatal error: no input files
compilation terminated.
configure:5276: $? = 1
configure:5265: gcc -qversion >&5
gcc: error: unrecognized command line option '-qversion'; did you mean '--version'?
gcc: fatal error: no input files
compilation terminated.
configure:5276: $? = 1
configure:5280: checking whether we are using the GNU C compiler
configure:5308: result: yes
configure:5317: checking whether gcc accepts -g
configure:5378: result: yes
configure:5395: checking for gcc option to accept ISO C89
configure:5471: result: none needed
configure:5496: checking whether gcc understands -c and -o together
configure:5533: result: yes
configure:5552: checking dependency style of gcc
configure:5663: result: gcc3
configure:5710: checking whether make sets $(MAKE)
configure:5732: result: yes
configure:6095: checking how to print strings
configure:6122: result: printf
configure:6143: checking for a sed that does not truncate output
configure:6207: result: /usr/bin/sed
configure:6225: checking for grep that handles long lines and -e
configure:6283: result: /usr/bin/grep
configure:6288: checking for egrep
configure:6350: result: /usr/bin/grep -E
configure:6355: checking for fgrep
configure:6417: result: /usr/bin/grep -F
configure:6452: checking for ld used by gcc
configure:6519: result: /usr/bin/ld
configure:6526: checking if the linker (/usr/bin/ld) is GNU ld
configure:6541: result: yes
configure:6553: checking for BSD- or MS-compatible name lister (nm)
configure:6602: result: /usr/bin/nm -B
configure:6732: checking the name lister (/usr/bin/nm -B) interface
configure:6739: gcc -c -g -O2  conftest.c >&5
configure:6742: /usr/bin/nm -B "conftest.o"
configure:6745: output
0000000000000000 B some_variable
configure:6746: result: BSD nm
configure:6749: checking whether ln -s works
configure:6753: result: yes
configure:6761: checking the maximum length of command line arguments
configure:6892: result: 1572864
configure:6909: checking whether the shell understands some XSI constructs
configure:6918: result: yes
configure:6922: checking whether the shell understands "+="
configure:6926: result: yes
configure:6961: checking how to convert x86_64-unknown-linux-gnu file names to x86_64-unknown-linux-gnu format
configure:7001: result: func_convert_file_noop
configure:7008: checking how to convert x86_64-unknown-linux-gnu file names to toolchain format
configure:7028: result: func_convert_file_noop
configure:7035: checking for /usr/bin/ld option to reload object files
configure:7042: result: -r
configure:7116: checking for objdump
configure:7143: result: objdump
configure:7172: checking how to recognize dependent libraries
configure:7370: result: pass_all
configure:7455: checking for dlltool
configure:7482: result: dlltool
configure:7512: checking how to associate runtime and link libraries
configure:7539: result: printf %s\n
configure:7599: checking for ar
configure:7615: found /usr/bin/ar
configure:7626: result: ar
configure:7663: checking for archiver @FILE support
configure:7680: gcc -c -g -O2  conftest.c >&5
configure:7680: $? = 0
configure:7683: ar cru libconftest.a @conftest.lst >&5
ar: `u' modifier ignored since `D' is the default (see `U')
configure:7686: $? = 0
configure:7691: ar cru libconftest.a @conftest.lst >&5
ar: `u' modifier ignored since `D' is the default (see `U')
ar: conftest.o: No such file or directory
configure:7694: $? = 1
configure:7693: result: @
configure:7751: checking for strip
configure:7767: found /usr/bin/strip
configure:7778: result: strip
configure:7850: checking for ranlib
configure:7866: found /usr/bin/ranlib
configure:7877: result: ranlib
configure:7979: checking command to parse /usr/bin/nm -B output from gcc object
configure:8099: gcc -c -g -O2  conftest.c >&5
configure:8102: $? = 0
configure:8106: /usr/bin/nm -B conftest.o \| sed -n -e 's/^.*[ ]\([ABCDGIRSTW][ABCDGIRSTW]*\)[ ][ ]*\([_A-Za-z][_A-Za-z0-9]*\)$/\1 \2 \2/p' | sed '/ __gnu_lto/d' \> conftest.nm
configure:8109: $? = 0
configure:8175: gcc -o conftest -g -O2   conftest.c conftstm.o >&5
configure:8178: $? = 0
configure:8216: result: ok
configure:8253: checking for sysroot
configure:8283: result: no
configure:8360: gcc -c -g -O2  conftest.c >&5
configure:8363: $? = 0
configure:8552: checking for mt
configure:8568: found /usr/bin/mt
configure:8579: result: mt
configure:8602: checking if mt is a manifest tool
configure:8608: mt '-?'
configure:8616: result: no
configure:9258: checking how to run the C preprocessor
configure:9289: gcc -E  conftest.c
configure:9289: $? = 0
configure:9303: gcc -E  conftest.c
conftest.c:14:10: fatal error: ac_nonexistent.h: No such file or directory
   14 | #include <ac_nonexistent.h>
      |          ^~~~~~~~~~~~~~~~~~
compilation terminated.
configure:9303: $? = 1
configure: failed program was:
| /* confdefs.h */
| #define PACKAGE_NAME "glade3"
| #define PACKAGE_TARNAME "glade3"
| #define PACKAGE_VERSION "3.8.5"
| #define PACKAGE_STRING "glade3 3.8.5"
| #define PACKAGE_BUGREPORT "http://bugzilla.gnome.org/enter_bug.cgi?product=glade3"
| #define PACKAGE_URL ""
| #define GLADE_MAJOR_VERSION 3
| #define GLADE_MINOR_VERSION 8
| #define GLADE_MICRO_VERSION 5
| #define PACKAGE "glade3"
| #define VERSION "3.8.5"
| /* end confdefs.h.  */
| #include <ac_nonexistent.h>
configure:9328: result: gcc -E
configure:9348: gcc -E  conftest.c
configure:9348: $? = 0
configure:9362: gcc -E  conftest.c
conftest.c:14:10: fatal error: ac_nonexistent.h: No such file or directory
   14 | #include <ac_nonexistent.h>
      |          ^~~~~~~~~~~~~~~~~~
compilation terminated.
configure:9362: $? = 1
configure: failed program was:
| /* confdefs.h */
| #define PACKAGE_NAME "glade3"
| #define PACKAGE_TARNAME "glade3"
| #define PACKAGE_VERSION "3.8.5"
| #define PACKAGE_STRING "glade3 3.8.5"
| #define PACKAGE_BUGREPORT "http://bugzilla.gnome.org/enter_bug.cgi?product=glade3"
| #define PACKAGE_URL ""
| #define GLADE_MAJOR_VERSION 3
| #define GLADE_MINOR_VERSION 8
| #define GLADE_MICRO_VERSION 5
| #define PACKAGE "glade3"
| #define VERSION "3.8.5"
| /* end confdefs.h.  */
| #include <ac_nonexistent.h>
configure:9391: checking for ANSI C header files
configure:9411: gcc -c -g -O2  conftest.c >&5
configure:9411: $? = 0
configure:9484: gcc -o conftest -g -O2   conftest.c  >&5
configure:9484: $? = 0
configure:9484: ./conftest
configure:9484: $? = 0
configure:9495: result: yes
configure:9508: checking for sys/types.h
configure:9508: gcc -c -g -O2  conftest.c >&5
configure:9508: $? = 0
configure:9508: result: yes
configure:9508: checking for sys/stat.h
configure:9508: gcc -c -g -O2  conftest.c >&5
configure:9508: $? = 0
configure:9508: result: yes
configure:9508: checking for stdlib.h
configure:9508: gcc -c -g -O2  conftest.c >&5
configure:9508: $? = 0
configure:9508: result: yes
configure:9508: checking for string.h
configure:9508: gcc -c -g -O2  conftest.c >&5
configure:9508: $? = 0
configure:9508: result: yes
configure:9508: checking for memory.h
configure:9508: gcc -c -g -O2  conftest.c >&5
configure:9508: $? = 0
configure:9508: result: yes
configure:9508: checking for strings.h
configure:9508: gcc -c -g -O2  conftest.c >&5
configure:9508: $? = 0
configure:9508: result: yes
configure:9508: checking for inttypes.h
configure:9508: gcc -c -g -O2  conftest.c >&5
configure:9508: $? = 0
configure:9508: result: yes
configure:9508: checking for stdint.h
configure:9508: gcc -c -g -O2  conftest.c >&5
configure:9508: $? = 0
configure:9508: result: yes
configure:9508: checking for unistd.h
configure:9508: gcc -c -g -O2  conftest.c >&5
configure:9508: $? = 0
configure:9508: result: yes
configure:9522: checking for dlfcn.h
configure:9522: gcc -c -g -O2  conftest.c >&5
configure:9522: $? = 0
configure:9522: result: yes
configure:9694: checking for objdir
configure:9709: result: .libs
configure:9980: checking if gcc supports -fno-rtti -fno-exceptions
configure:9998: gcc -c -g -O2  -fno-rtti -fno-exceptions conftest.c >&5
cc1: warning: command line option '-fno-rtti' is valid for C++/D/ObjC++ but not for C
configure:10002: $? = 0
configure:10015: result: no
configure:10342: checking for gcc option to produce PIC
configure:10349: result: -fPIC -DPIC
configure:10357: checking if gcc PIC flag -fPIC -DPIC works
configure:10375: gcc -c -g -O2  -fPIC -DPIC -DPIC conftest.c >&5
configure:10379: $? = 0
configure:10392: result: yes
configure:10421: checking if gcc static flag -static works
configure:10449: result: yes
configure:10464: checking if gcc supports -c -o file.o
configure:10485: gcc -c -g -O2  -o out/conftest2.o conftest.c >&5
configure:10489: $? = 0
configure:10511: result: yes
configure:10519: checking if gcc supports -c -o file.o
configure:10566: result: yes
configure:10599: checking whether the gcc linker (/usr/bin/ld -m elf_x86_64) supports shared libraries
configure:11756: result: yes
configure:11793: checking whether -lc should be explicitly linked in
configure:11801: gcc -c -g -O2  conftest.c >&5
configure:11804: $? = 0
configure:11819: gcc -shared  -fPIC -DPIC conftest.o  -v -Wl,-soname -Wl,conftest -o conftest 2\>\&1 \| /usr/bin/grep  -lc  \>/dev/null 2\>\&1
configure:11822: $? = 0
configure:11836: result: no
configure:11996: checking dynamic linker characteristics
configure:12496: gcc -o conftest -g -O2   -Wl,-rpath -Wl,/foo conftest.c  >&5
configure:12496: $? = 0
configure:12730: result: GNU/Linux ld.so
configure:12837: checking how to hardcode library paths into programs
configure:12862: result: immediate
configure:12956: checking for shl_load
configure:12956: gcc -o conftest -g -O2   conftest.c  >&5
/usr/bin/ld: /tmp/ccpS80gF.o: in function `main':
/home/luigi/Documents/Masterproef/glade3-3.8.5/conftest.c:60: undefined reference to `shl_load'
collect2: error: ld returned 1 exit status
configure:12956: $? = 1
configure: failed program was:
| /* confdefs.h */
| #define PACKAGE_NAME "glade3"
| #define PACKAGE_TARNAME "glade3"
| #define PACKAGE_VERSION "3.8.5"
| #define PACKAGE_STRING "glade3 3.8.5"
| #define PACKAGE_BUGREPORT "http://bugzilla.gnome.org/enter_bug.cgi?product=glade3"
| #define PACKAGE_URL ""
| #define GLADE_MAJOR_VERSION 3
| #define GLADE_MINOR_VERSION 8
| #define GLADE_MICRO_VERSION 5
| #define PACKAGE "glade3"
| #define VERSION "3.8.5"
| #define STDC_HEADERS 1
| #define HAVE_SYS_TYPES_H 1
| #define HAVE_SYS_STAT_H 1
| #define HAVE_STDLIB_H 1
| #define HAVE_STRING_H 1
| #define HAVE_MEMORY_H 1
| #define HAVE_STRINGS_H 1
| #define HAVE_INTTYPES_H 1
| #define HAVE_STDINT_H 1
| #define HAVE_UNISTD_H 1
| #define HAVE_DLFCN_H 1
| #define LT_OBJDIR ".libs/"
| /* end confdefs.h.  */
| /* Define shl_load to an innocuous variant, in case <limits.h> declares shl_load.
|    For example, HP-UX 11i <limits.h> declares gettimeofday.  */
| #define shl_load innocuous_shl_load
| 
| /* System header to define __stub macros and hopefully few prototypes,
|     which can conflict with char shl_load (); below.
|     Prefer <limits.h> to <assert.h> if __STDC__ is defined, since
|     <limits.h> exists even on freestanding compilers.  */
| 
| #ifdef __STDC__
| # include <limits.h>
| #else
| # include <assert.h>
| #endif
| 
| #undef shl_load
| 
| /* Override any GCC internal prototype to avoid an error.
|    Use char because int might match the return type of a GCC
|    builtin and then its argument prototype would still apply.  */
| #ifdef __cplusplus
| extern "C"
| #endif
| char shl_load ();
| /* The GNU C library defines this for functions which it implements
|     to always fail with ENOSYS.  Some functions are actually named
|     something starting with __ and the normal name is an alias.  */
| #if defined __stub_shl_load || defined __stub___shl_load
| choke me
| #endif
| 
| int
| main ()
| {
| return shl_load ();
|   ;
|   return 0;
| }
configure:12956: result: no
configure:12960: checking for shl_load in -ldld
configure:12985: gcc -o conftest -g -O2   conftest.c -ldld   >&5
/usr/bin/ld: cannot find -ldld
collect2: error: ld returned 1 exit status
configure:12985: $? = 1
configure: failed program was:
| /* confdefs.h */
| #define PACKAGE_NAME "glade3"
| #define PACKAGE_TARNAME "glade3"
| #define PACKAGE_VERSION "3.8.5"
| #define PACKAGE_STRING "glade3 3.8.5"
| #define PACKAGE_BUGREPORT "http://bugzilla.gnome.org/enter_bug.cgi?product=glade3"
| #define PACKAGE_URL ""
| #define GLADE_MAJOR_VERSION 3
| #define GLADE_MINOR_VERSION 8
| #define GLADE_MICRO_VERSION 5
| #define PACKAGE "glade3"
| #define VERSION "3.8.5"
| #define STDC_HEADERS 1
| #define HAVE_SYS_TYPES_H 1
| #define HAVE_SYS_STAT_H 1
| #define HAVE_STDLIB_H 1
| #define HAVE_STRING_H 1
| #define HAVE_MEMORY_H 1
| #define HAVE_STRINGS_H 1
| #define HAVE_INTTYPES_H 1
| #define HAVE_STDINT_H 1
| #define HAVE_UNISTD_H 1
| #define HAVE_DLFCN_H 1
| #define LT_OBJDIR ".libs/"
| /* end confdefs.h.  */
| 
| /* Override any GCC internal prototype to avoid an error.
|    Use char because int might match the return type of a GCC
|    builtin and then its argument prototype would still apply.  */
| #ifdef __cplusplus
| extern "C"
| #endif
| char shl_load ();
| int
| main ()
| {
| return shl_load ();
|   ;
|   return 0;
| }
configure:12994: result: no
configure:12999: checking for dlopen
configure:12999: gcc -o conftest -g -O2   conftest.c  >&5
/usr/bin/ld: /tmp/ccJsdu0N.o: in function `main':
/home/luigi/Documents/Masterproef/glade3-3.8.5/conftest.c:60: undefined reference to `dlopen'
collect2: error: ld returned 1 exit status
configure:12999: $? = 1
configure: failed program was:
| /* confdefs.h */
| #define PACKAGE_NAME "glade3"
| #define PACKAGE_TARNAME "glade3"
| #define PACKAGE_VERSION "3.8.5"
| #define PACKAGE_STRING "glade3 3.8.5"
| #define PACKAGE_BUGREPORT "http://bugzilla.gnome.org/enter_bug.cgi?product=glade3"
| #define PACKAGE_URL ""
| #define GLADE_MAJOR_VERSION 3
| #define GLADE_MINOR_VERSION 8
| #define GLADE_MICRO_VERSION 5
| #define PACKAGE "glade3"
| #define VERSION "3.8.5"
| #define STDC_HEADERS 1
| #define HAVE_SYS_TYPES_H 1
| #define HAVE_SYS_STAT_H 1
| #define HAVE_STDLIB_H 1
| #define HAVE_STRING_H 1
| #define HAVE_MEMORY_H 1
| #define HAVE_STRINGS_H 1
| #define HAVE_INTTYPES_H 1
| #define HAVE_STDINT_H 1
| #define HAVE_UNISTD_H 1
| #define HAVE_DLFCN_H 1
| #define LT_OBJDIR ".libs/"
| /* end confdefs.h.  */
| /* Define dlopen to an innocuous variant, in case <limits.h> declares dlopen.
|    For example, HP-UX 11i <limits.h> declares gettimeofday.  */
| #define dlopen innocuous_dlopen
| 
| /* System header to define __stub macros and hopefully few prototypes,
|     which can conflict with char dlopen (); below.
|     Prefer <limits.h> to <assert.h> if __STDC__ is defined, since
|     <limits.h> exists even on freestanding compilers.  */
| 
| #ifdef __STDC__
| # include <limits.h>
| #else
| # include <assert.h>
| #endif
| 
| #undef dlopen
| 
| /* Override any GCC internal prototype to avoid an error.
|    Use char because int might match the return type of a GCC
|    builtin and then its argument prototype would still apply.  */
| #ifdef __cplusplus
| extern "C"
| #endif
| char dlopen ();
| /* The GNU C library defines this for functions which it implements
|     to always fail with ENOSYS.  Some functions are actually named
|     something starting with __ and the normal name is an alias.  */
| #if defined __stub_dlopen || defined __stub___dlopen
| choke me
| #endif
| 
| int
| main ()
| {
| return dlopen ();
|   ;
|   return 0;
| }
configure:12999: result: no
configure:13003: checking for dlopen in -ldl
configure:13028: gcc -o conftest -g -O2   conftest.c -ldl   >&5
configure:13028: $? = 0
configure:13037: result: yes
configure:13156: checking whether a program can dlopen itself
configure:13236: gcc -o conftest -g -O2  -DHAVE_DLFCN_H  -Wl,--export-dynamic conftest.c -ldl  >&5
configure:13239: $? = 0
configure:13257: result: yes
configure:13262: checking whether a statically linked program can dlopen itself
configure:13342: gcc -o conftest -g -O2  -DHAVE_DLFCN_H  -Wl,--export-dynamic -static conftest.c -ldl  >&5
/usr/bin/ld: /tmp/ccAgfqrs.o: in function `main':
/home/luigi/Documents/Masterproef/glade3-3.8.5/configure:13321: warning: Using 'dlopen' in statically linked applications requires at runtime the shared libraries from the glibc version used for linking
configure:13345: $? = 0
conftest: undefined symbol: _fnord
configure:13363: result: no
configure:13402: checking whether stripping libraries is possible
configure:13407: result: yes
configure:13442: checking if libtool supports shared libraries
configure:13444: result: yes
configure:13447: checking whether to build shared libraries
configure:13468: result: yes
configure:13471: checking whether to build static libraries
configure:13475: result: no
configure:10634: checking whether gcc understands -Wall
configure:10647: gcc -c -g -O2 -Wall  conftest.c >&5
configure:10647: $? = 0
configure:10654: result: yes
configure:10634: checking whether gcc understands -Wstrict-prototypes
configure:10647: gcc -c -g -O2 -Wstrict-prototypes  conftest.c >&5
conftest.c:28:1: warning: function declaration isn't a prototype [-Wstrict-prototypes]
   28 | main ()
      | ^~~~
configure:10647: $? = 0
configure:10654: result: yes
configure:10634: checking whether gcc understands -Wnested-externs
configure:10647: gcc -c -g -O2 -Wnested-externs  conftest.c >&5
configure:10647: $? = 0
configure:10654: result: yes
configure:10634: checking whether gcc understands -Werror=missing-prototypes
configure:10647: gcc -c -g -O2 -Werror=missing-prototypes  conftest.c >&5
configure:10647: $? = 0
configure:10654: result: yes
configure:10634: checking whether gcc understands -Werror=implicit-function-declaration
configure:10647: gcc -c -g -O2 -Werror=implicit-function-declaration  conftest.c >&5
configure:10647: $? = 0
configure:10654: result: yes
configure:10634: checking whether gcc understands -Werror=pointer-arith
configure:10647: gcc -c -g -O2 -Werror=pointer-arith  conftest.c >&5
configure:10647: $? = 0
configure:10654: result: yes
configure:10634: checking whether gcc understands -Werror=init-self
configure:10647: gcc -c -g -O2 -Werror=init-self  conftest.c >&5
configure:10647: $? = 0
configure:10654: result: yes
configure:10634: checking whether gcc understands -Werror=format-security
configure:10647: gcc -c -g -O2 -Werror=format-security  conftest.c >&5
configure:10647: $? = 0
configure:10654: result: yes
configure:10634: checking whether gcc understands -Werror=format=2
configure:10647: gcc -c -g -O2 -Werror=format=2  conftest.c >&5
configure:10647: $? = 0
configure:10654: result: yes
configure:10634: checking whether gcc understands -Werror=missing-include-dirs
configure:10647: gcc -c -g -O2 -Werror=missing-include-dirs  conftest.c >&5
configure:10647: $? = 0
configure:10654: result: yes
configure:10664: checking what warning flags to pass to the C compiler
configure:10666: result:  -Wall -Wstrict-prototypes -Wnested-externs -Werror=missing-prototypes -Werror=implicit-function-declaration -Werror=pointer-arith -Werror=init-self -Werror=format-security -Werror=format=2 -Werror=missing-include-dirs
configure:10677: checking what language compliance flags to pass to the C compiler
configure:10692: result: 
configure:10729: checking locale.h usability
configure:10729: gcc -c -g -O2  conftest.c >&5
configure:10729: $? = 0
configure:10729: result: yes
configure:10729: checking locale.h presence
configure:10729: gcc -E  conftest.c
configure:10729: $? = 0
configure:10729: result: yes
configure:10729: checking for locale.h
configure:10729: result: yes
configure:10740: checking for LC_MESSAGES
configure:10756: gcc -o conftest -g -O2   conftest.c  >&5
configure:10756: $? = 0
configure:10764: result: yes
configure:10781: checking libintl.h usability
configure:10781: gcc -c -g -O2  conftest.c >&5
configure:10781: $? = 0
configure:10781: result: yes
configure:10781: checking libintl.h presence
configure:10781: gcc -E  conftest.c
configure:10781: $? = 0
configure:10781: result: yes
configure:10781: checking for libintl.h
configure:10781: result: yes
configure:10789: checking for ngettext in libc
configure:10807: gcc -o conftest -g -O2   conftest.c  >&5
configure:10807: $? = 0
configure:10816: result: yes
configure:10820: checking for dgettext in libc
configure:10838: gcc -o conftest -g -O2   conftest.c  >&5
configure:10838: $? = 0
configure:10847: result: yes
configure:10854: checking for bind_textdomain_codeset
configure:10854: gcc -o conftest -g -O2   conftest.c  >&5
configure:10854: $? = 0
configure:10854: result: yes
configure:11130: checking for msgfmt
configure:11157: result: /usr/bin/msgfmt
configure:11168: checking for dcgettext
configure:11168: gcc -o conftest -g -O2   conftest.c   >&5
conftest.c:54:6: warning: conflicting types for built-in function 'dcgettext'; expected 'char *(const char *, const char *, int)' [-Wbuiltin-declaration-mismatch]
   54 | char dcgettext ();
      |      ^~~~~~~~~
configure:11168: $? = 0
configure:11168: result: yes
configure:11178: checking if msgfmt accepts -c
configure:11193: $MSGFMT -c -o /dev/null conftest.foo
conftest.foo:3: warning: header field 'Language' missing in header
configure:11196: $? = 0
configure:11198: result: yes
configure:11208: checking for gmsgfmt
configure:11239: result: /usr/bin/msgfmt
configure:11249: checking for xgettext
configure:11276: result: /usr/bin/xgettext
configure:11295: gcc -o conftest -g -O2   conftest.c   >&5
configure:11295: $? = 0
configure:11435: checking how to copy va_list
configure:11448: gcc -o conftest -g -O2   conftest.c  >&5
configure:11448: $? = 0
configure:11449: result: va_copy
configure:11537: checking for pkg-config
configure:11555: found /usr/bin/pkg-config
configure:11567: result: /usr/bin/pkg-config
configure:11592: checking pkg-config is at least version 0.9.0
configure:11595: result: yes
configure:11607: checking for gtk-doc
configure:11610: $PKG_CONFIG --exists --print-errors "$gtk_doc_requires"
Package gtk-doc was not found in the pkg-config search path.
Perhaps you should add the directory containing `gtk-doc.pc'
to the PKG_CONFIG_PATH environment variable
No package 'gtk-doc' found
configure:11613: $? = 1
configure:11619: result: no
configure:11625: WARNING:
  You will not be able to create source packages with 'make dist'
  because gtk-doc >= 1.9 is not found.
configure:11633: checking for gtkdoc-check
configure:11663: result: no
configure:11670: checking for gtkdoc-check
configure:11703: result: no
configure:11712: checking for gtkdoc-rebase
configure:11745: result: no
configure:11756: checking for gtkdoc-mkpdf
configure:11789: result: no
configure:11814: checking whether to build gtk-doc documentation
configure:11816: result: no
configure:11829: checking for GTKDOC_DEPS
configure:11836: $PKG_CONFIG --exists --print-errors "glib-2.0 >= 2.10.0 gobject-2.0  >= 2.10.0"
configure:11839: $? = 0
configure:11853: $PKG_CONFIG --exists --print-errors "glib-2.0 >= 2.10.0 gobject-2.0  >= 2.10.0"
configure:11856: $? = 0
configure:11894: result: yes
configure:11976: checking for GTK
configure:11983: $PKG_CONFIG --exists --print-errors "gtk+-2.0 >= 2.24 gmodule-2.0 gthread-2.0 libxml-2.0 >= 2.4.0"
configure:11986: $? = 0
configure:12000: $PKG_CONFIG --exists --print-errors "gtk+-2.0 >= 2.24 gmodule-2.0 gthread-2.0 libxml-2.0 >= 2.4.0"
configure:12003: $? = 0
configure:12061: result: yes
configure:12071: checking for gtk_print_unix_dialog_new
configure:12071: gcc -o conftest -g -O2   conftest.c -lgtk-x11-2.0 -lgdk-x11-2.0 -lpangocairo-1.0 -latk-1.0 -lcairo -lgdk_pixbuf-2.0 -lgio-2.0 -lpangoft2-1.0 -lpango-1.0 -lgobject-2.0 -lharfbuzz -lfontconfig -lfreetype -Wl,--export-dynamic -lgmodule-2.0 -pthread -lgthread-2.0 -pthread -lglib-2.0 -lxml2 >&5
configure:12071: $? = 0
configure:12071: result: yes
configure:12102: checking for GNOME
configure:12109: $PKG_CONFIG --exists --print-errors "libbonoboui-2.0 libgnomeui-2.0"
Package libbonoboui-2.0 was not found in the pkg-config search path.
Perhaps you should add the directory containing `libbonoboui-2.0.pc'
to the PKG_CONFIG_PATH environment variable
No package 'libbonoboui-2.0' found
Package libgnomeui-2.0 was not found in the pkg-config search path.
Perhaps you should add the directory containing `libgnomeui-2.0.pc'
to the PKG_CONFIG_PATH environment variable
No package 'libgnomeui-2.0' found
configure:12112: $? = 1
configure:12126: $PKG_CONFIG --exists --print-errors "libbonoboui-2.0 libgnomeui-2.0"
Package libbonoboui-2.0 was not found in the pkg-config search path.
Perhaps you should add the directory containing `libbonoboui-2.0.pc'
to the PKG_CONFIG_PATH environment variable
No package 'libbonoboui-2.0' found
Package libgnomeui-2.0 was not found in the pkg-config search path.
Perhaps you should add the directory containing `libgnomeui-2.0.pc'
to the PKG_CONFIG_PATH environment variable
No package 'libgnomeui-2.0' found
configure:12129: $? = 1
configure:12143: result: no
No package 'libbonoboui-2.0' found
No package 'libgnomeui-2.0' found
configure:12201: checking for PYGTK
configure:12208: $PKG_CONFIG --exists --print-errors "pygtk-2.0 >= 2.10.0"
Package pygtk-2.0 was not found in the pkg-config search path.
Perhaps you should add the directory containing `pygtk-2.0.pc'
to the PKG_CONFIG_PATH environment variable
No package 'pygtk-2.0' found
configure:12211: $? = 1
configure:12225: $PKG_CONFIG --exists --print-errors "pygtk-2.0 >= 2.10.0"
Package pygtk-2.0 was not found in the pkg-config search path.
Perhaps you should add the directory containing `pygtk-2.0.pc'
to the PKG_CONFIG_PATH environment variable
No package 'pygtk-2.0' found
configure:12228: $? = 1
configure:12242: result: no
No package 'pygtk-2.0' found
configure:12283: checking for python
configure:12316: result: no
configure:12283: checking for python2
configure:12316: result: no
configure:12283: checking for python3
configure:12301: found /usr/bin/python3
configure:12313: result: /usr/bin/python3
configure:12334: checking for python version
configure:12341: result: 3.8
configure:12353: checking for python platform
configure:12360: result: linux
configure:12386: checking for python script directory
configure:12421: result: ${prefix}/lib/python3.8/site-packages
configure:12430: checking for python extension module directory
configure:12465: result: ${exec_prefix}/lib/python3.8/site-packages
configure:12479: checking for headers required to compile python extensions
configure:12496: gcc -E  -I/include/python3.8 conftest.c
conftest.c:34:10: fatal error: Python.h: No such file or directory
   34 | #include <Python.h>
      |          ^~~~~~~~~~
compilation terminated.
configure:12496: $? = 1
configure: failed program was:
| /* confdefs.h */
| #define PACKAGE_NAME "glade3"
| #define PACKAGE_TARNAME "glade3"
| #define PACKAGE_VERSION "3.8.5"
| #define PACKAGE_STRING "glade3 3.8.5"
| #define PACKAGE_BUGREPORT "http://bugzilla.gnome.org/enter_bug.cgi?product=glade3"
| #define PACKAGE_URL ""
| #define GLADE_MAJOR_VERSION 3
| #define GLADE_MINOR_VERSION 8
| #define GLADE_MICRO_VERSION 5
| #define PACKAGE "glade3"
| #define VERSION "3.8.5"
| #define STDC_HEADERS 1
| #define HAVE_SYS_TYPES_H 1
| #define HAVE_SYS_STAT_H 1
| #define HAVE_STDLIB_H 1
| #define HAVE_STRING_H 1
| #define HAVE_MEMORY_H 1
| #define HAVE_STRINGS_H 1
| #define HAVE_INTTYPES_H 1
| #define HAVE_STDINT_H 1
| #define HAVE_UNISTD_H 1
| #define HAVE_DLFCN_H 1
| #define LT_OBJDIR ".libs/"
| #define GETTEXT_PACKAGE "glade3"
| #define HAVE_LOCALE_H 1
| #define HAVE_LC_MESSAGES 1
| #define HAVE_BIND_TEXTDOMAIN_CODESET 1
| #define HAVE_GETTEXT 1
| #define HAVE_DCGETTEXT 1
| #define ENABLE_NLS 1
| #define HAVE_GTK_PRINT_UNIX_DIALOG_NEW 1
| /* end confdefs.h.  */
| #include <Python.h>
configure:12501: result: not found
configure:12509: checking for libraries required to embed python
configure:12540: gcc -o conftest -g -O2   conftest.c -lgtk-x11-2.0 -lgdk-x11-2.0 -lpangocairo-1.0 -latk-1.0 -lcairo -lgdk_pixbuf-2.0 -lgio-2.0 -lpangoft2-1.0 -lpango-1.0 -lgobject-2.0 -lharfbuzz -lfontconfig -lfreetype -Wl,--export-dynamic -lgmodule-2.0 -pthread -lgthread-2.0 -pthread -lglib-2.0 -lxml2 -L/lib -lpython3.8 >&5
/usr/bin/ld: cannot find -lpython3.8
collect2: error: ld returned 1 exit status
configure:12540: $? = 1
configure: failed program was:
| /* confdefs.h */
| #define PACKAGE_NAME "glade3"
| #define PACKAGE_TARNAME "glade3"
| #define PACKAGE_VERSION "3.8.5"
| #define PACKAGE_STRING "glade3 3.8.5"
| #define PACKAGE_BUGREPORT "http://bugzilla.gnome.org/enter_bug.cgi?product=glade3"
| #define PACKAGE_URL ""
| #define GLADE_MAJOR_VERSION 3
| #define GLADE_MINOR_VERSION 8
| #define GLADE_MICRO_VERSION 5
| #define PACKAGE "glade3"
| #define VERSION "3.8.5"
| #define STDC_HEADERS 1
| #define HAVE_SYS_TYPES_H 1
| #define HAVE_SYS_STAT_H 1
| #define HAVE_STDLIB_H 1
| #define HAVE_STRING_H 1
| #define HAVE_MEMORY_H 1
| #define HAVE_STRINGS_H 1
| #define HAVE_INTTYPES_H 1
| #define HAVE_STDINT_H 1
| #define HAVE_UNISTD_H 1
| #define HAVE_DLFCN_H 1
| #define LT_OBJDIR ".libs/"
| #define GETTEXT_PACKAGE "glade3"
| #define HAVE_LOCALE_H 1
| #define HAVE_LC_MESSAGES 1
| #define HAVE_BIND_TEXTDOMAIN_CODESET 1
| #define HAVE_GETTEXT 1
| #define HAVE_DCGETTEXT 1
| #define ENABLE_NLS 1
| #define HAVE_GTK_PRINT_UNIX_DIALOG_NEW 1
| /* end confdefs.h.  */
| 
| /* Override any GCC internal prototype to avoid an error.
|    Use char because int might match the return type of a GCC
|    builtin and then its argument prototype would still apply.  */
| #ifdef __cplusplus
| extern "C"
| #endif
| char Py_Initialize ();
| int
| main ()
| {
| return Py_Initialize ();
|   ;
|   return 0;
| }
configure:12544: result: no
configure:12604: checking gnome-doc-utils >= 0.9.0
configure:12607: $PKG_CONFIG --exists --print-errors "gnome-doc-utils >= $gdu_cv_version_required"
Package gnome-doc-utils was not found in the pkg-config search path.
Perhaps you should add the directory containing `gnome-doc-utils.pc'
to the PKG_CONFIG_PATH environment variable
No package 'gnome-doc-utils' found
configure:12610: $? = 1
configure:12622: result: no
configure:13056: checking that generated files are newer than configure
configure:13062: result: done
configure:13157: creating ./config.status

## ---------------------- ##
## Running config.status. ##
## ---------------------- ##

This file was extended by glade3 config.status 3.8.5, which was
generated by GNU Autoconf 2.69.  Invocation command line was

  CONFIG_FILES    = 
  CONFIG_HEADERS  = 
  CONFIG_LINKS    = 
  CONFIG_COMMANDS = 
  $ ./config.status 

on luigi-Swift-SFX14-41G

config.status:1294: creating Makefile
config.status:1294: creating data/gladeui-1.0.pc
config.status:1294: creating data/glade-3.desktop.in
config.status:1294: creating data/Makefile
config.status:1294: creating data/icons/Makefile
config.status:1294: creating data/icons/hicolor/Makefile
config.status:1294: creating data/icons/hicolor/16x16/Makefile
config.status:1294: creating data/icons/hicolor/16x16/apps/Makefile
config.status:1294: creating data/icons/hicolor/22x22/Makefile
config.status:1294: creating data/icons/hicolor/22x22/apps/Makefile
config.status:1294: creating data/icons/hicolor/24x24/Makefile
config.status:1294: creating data/icons/hicolor/24x24/apps/Makefile
config.status:1294: creating data/icons/hicolor/32x32/Makefile
config.status:1294: creating data/icons/hicolor/32x32/apps/Makefile
config.status:1294: creating data/icons/hicolor/48x48/Makefile
config.status:1294: creating data/icons/hicolor/48x48/apps/Makefile
config.status:1294: creating data/icons/hicolor/scalable/Makefile
config.status:1294: creating data/icons/hicolor/scalable/apps/Makefile
config.status:1294: creating gladeui/Makefile
config.status:1294: creating gladeui/gladeui.rc
config.status:1294: creating src/Makefile
config.status:1294: creating src/glade-3.rc
config.status:1294: creating plugins/Makefile
config.status:1294: creating plugins/gtk+/Makefile
config.status:1294: creating plugins/gtk+/icons/Makefile
config.status:1294: creating plugins/gtk+/icons/16x16/Makefile
config.status:1294: creating plugins/gtk+/icons/22x22/Makefile
config.status:1294: creating plugins/gnome/Makefile
config.status:1294: creating plugins/gnome/icons/Makefile
config.status:1294: creating plugins/gnome/icons/16x16/Makefile
config.status:1294: creating plugins/gnome/icons/22x22/Makefile
config.status:1294: creating plugins/python/Makefile
config.status:1294: creating po/Makefile.in
config.status:1294: creating doc/Makefile
config.status:1294: creating doc/version.xml
config.status:1294: creating help/Makefile
config.status:1294: creating build/mingw-w64/glade.nsi
config.status:1294: creating config.h
config.status:1475: config.h is unchanged
config.status:1523: executing depfiles commands
config.status:1523: executing libtool commands
config.status:1523: executing default-1 commands
config.status:1523: executing po/stamp-it commands

## ---------------- ##
## Cache variables. ##
## ---------------- ##

ac_cv_build=x86_64-unknown-linux-gnu
ac_cv_c_compiler_gnu=yes
ac_cv_env_CC_set=
ac_cv_env_CC_value=
ac_cv_env_CFLAGS_set=
ac_cv_env_CFLAGS_value=
ac_cv_env_CPPFLAGS_set=
ac_cv_env_CPPFLAGS_value=
ac_cv_env_CPP_set=
ac_cv_env_CPP_value=
ac_cv_env_GNOME_CFLAGS_set=
ac_cv_env_GNOME_CFLAGS_value=
ac_cv_env_GNOME_LIBS_set=
ac_cv_env_GNOME_LIBS_value=
ac_cv_env_GTKDOC_DEPS_CFLAGS_set=
ac_cv_env_GTKDOC_DEPS_CFLAGS_value=
ac_cv_env_GTKDOC_DEPS_LIBS_set=
ac_cv_env_GTKDOC_DEPS_LIBS_value=
ac_cv_env_GTK_CFLAGS_set=
ac_cv_env_GTK_CFLAGS_value=
ac_cv_env_GTK_LIBS_set=
ac_cv_env_GTK_LIBS_value=
ac_cv_env_GTK_MAC_CFLAGS_set=
ac_cv_env_GTK_MAC_CFLAGS_value=
ac_cv_env_GTK_MAC_LIBS_set=
ac_cv_env_GTK_MAC_LIBS_value=
ac_cv_env_LDFLAGS_set=
ac_cv_env_LDFLAGS_value=
ac_cv_env_LIBS_set=
ac_cv_env_LIBS_value=
ac_cv_env_PKG_CONFIG_LIBDIR_set=
ac_cv_env_PKG_CONFIG_LIBDIR_value=
ac_cv_env_PKG_CONFIG_PATH_set=
ac_cv_env_PKG_CONFIG_PATH_value=
ac_cv_env_PKG_CONFIG_set=
ac_cv_env_PKG_CONFIG_value=
ac_cv_env_PYGTK_CFLAGS_set=
ac_cv_env_PYGTK_CFLAGS_value=
ac_cv_env_PYGTK_LIBS_set=
ac_cv_env_PYGTK_LIBS_value=
ac_cv_env_PYTHON_set=
ac_cv_env_PYTHON_value=
ac_cv_env_build_alias_set=
ac_cv_env_build_alias_value=
ac_cv_env_host_alias_set=
ac_cv_env_host_alias_value=
ac_cv_env_target_alias_set=
ac_cv_env_target_alias_value=
ac_cv_func_bind_textdomain_codeset=yes
ac_cv_func_dcgettext=yes
ac_cv_func_dlopen=no
ac_cv_func_gtk_print_unix_dialog_new=yes
ac_cv_func_shl_load=no
ac_cv_header_dlfcn_h=yes
ac_cv_header_inttypes_h=yes
ac_cv_header_libintl_h=yes
ac_cv_header_locale_h=yes
ac_cv_header_memory_h=yes
ac_cv_header_stdc=yes
ac_cv_header_stdint_h=yes
ac_cv_header_stdlib_h=yes
ac_cv_header_string_h=yes
ac_cv_header_strings_h=yes
ac_cv_header_sys_stat_h=yes
ac_cv_header_sys_types_h=yes
ac_cv_header_unistd_h=yes
ac_cv_host=x86_64-unknown-linux-gnu
ac_cv_lib_dl_dlopen=yes
ac_cv_lib_dld_shl_load=no
ac_cv_objext=o
ac_cv_path_EGREP='/usr/bin/grep -E'
ac_cv_path_FGREP='/usr/bin/grep -F'
ac_cv_path_GLIB_GENMARSHAL=/usr/bin/glib-genmarshal
ac_cv_path_GMSGFMT=/usr/bin/msgfmt
ac_cv_path_GREP=/usr/bin/grep
ac_cv_path_INTLTOOL_EXTRACT=/usr/bin/intltool-extract
ac_cv_path_INTLTOOL_MERGE=/usr/bin/intltool-merge
ac_cv_path_INTLTOOL_PERL=/usr/bin/perl
ac_cv_path_INTLTOOL_UPDATE=/usr/bin/intltool-update
ac_cv_path_MSGFMT=/usr/bin/msgfmt
ac_cv_path_MSGMERGE=/usr/bin/msgmerge
ac_cv_path_PYTHON=/usr/bin/python3
ac_cv_path_SED=/usr/bin/sed
ac_cv_path_XGETTEXT=/usr/bin/xgettext
ac_cv_path_ac_pt_PKG_CONFIG=/usr/bin/pkg-config
ac_cv_path_install='/usr/bin/install -c'
ac_cv_path_mkdir=/usr/bin/mkdir
ac_cv_prog_AWK=gawk
ac_cv_prog_CPP='gcc -E'
ac_cv_prog_ac_ct_AR=ar
ac_cv_prog_ac_ct_CC=gcc
ac_cv_prog_ac_ct_DLLTOOL=dlltool
ac_cv_prog_ac_ct_MANIFEST_TOOL=mt
ac_cv_prog_ac_ct_OBJDUMP=objdump
ac_cv_prog_ac_ct_RANLIB=ranlib
ac_cv_prog_ac_ct_STRIP=strip
ac_cv_prog_cc_c89=
ac_cv_prog_cc_g=yes
ac_cv_prog_make_make_set=yes
ac_cv_search_strerror='none required'
ac_cv_target=x86_64-unknown-linux-gnu
am_cv_CC_dependencies_compiler_type=gcc3
am_cv_make_support_nested_variables=yes
am_cv_prog_cc_c_o=yes
am_cv_python_platform=linux
am_cv_python_pyexecdir='${exec_prefix}/lib/python3.8/site-packages'
am_cv_python_pythondir='${prefix}/lib/python3.8/site-packages'
am_cv_python_version=3.8
am_cv_val_LC_MESSAGES=yes
gdu_cv_have_gdu=no
gdu_cv_version_required=0.9.0
gt_cv_func_dgettext_libc=yes
gt_cv_func_dgettext_libintl=no
gt_cv_func_ngettext_libc=yes
gt_cv_have_gettext=yes
lt_cv_ar_at_file=@
lt_cv_archive_cmds_need_lc=no
lt_cv_deplibs_check_method=pass_all
lt_cv_dlopen=dlopen
lt_cv_dlopen_libs=-ldl
lt_cv_dlopen_self=yes
lt_cv_dlopen_self_static=no
lt_cv_file_magic_cmd='$MAGIC_CMD'
lt_cv_file_magic_test_file=
lt_cv_ld_reload_flag=-r
lt_cv_nm_interface='BSD nm'
lt_cv_objdir=.libs
lt_cv_path_LD=/usr/bin/ld
lt_cv_path_NM='/usr/bin/nm -B'
lt_cv_path_mainfest_tool=no
lt_cv_prog_compiler_c_o=yes
lt_cv_prog_compiler_pic='-fPIC -DPIC'
lt_cv_prog_compiler_pic_works=yes
lt_cv_prog_compiler_rtti_exceptions=no
lt_cv_prog_compiler_static_works=yes
lt_cv_prog_gnu_ld=yes
lt_cv_sharedlib_from_linklib_cmd='printf %s\n'
lt_cv_shlibpath_overrides_runpath=yes
lt_cv_sys_global_symbol_pipe='sed -n -e '\''s/^.*[	 ]\([ABCDGIRSTW][ABCDGIRSTW]*\)[	 ][	 ]*\([_A-Za-z][_A-Za-z0-9]*\)$/\1 \2 \2/p'\'' | sed '\''/ __gnu_lto/d'\'''
lt_cv_sys_global_symbol_to_c_name_address='sed -n -e '\''s/^: \([^ ]*\)[ ]*$/  {\"\1\", (void *) 0},/p'\'' -e '\''s/^[ABCDGIRSTW]* \([^ ]*\) \([^ ]*\)$/  {"\2", (void *) \&\2},/p'\'''
lt_cv_sys_global_symbol_to_c_name_address_lib_prefix='sed -n -e '\''s/^: \([^ ]*\)[ ]*$/  {\"\1\", (void *) 0},/p'\'' -e '\''s/^[ABCDGIRSTW]* \([^ ]*\) \(lib[^ ]*\)$/  {"\2", (void *) \&\2},/p'\'' -e '\''s/^[ABCDGIRSTW]* \([^ ]*\) \([^ ]*\)$/  {"lib\2", (void *) \&\2},/p'\'''
lt_cv_sys_global_symbol_to_cdecl='sed -n -e '\''s/^T .* \(.*\)$/extern int \1();/p'\'' -e '\''s/^[ABCDGIRSTW]* .* \(.*\)$/extern char \1;/p'\'''
lt_cv_sys_max_cmd_len=1572864
lt_cv_to_host_file_cmd=func_convert_file_noop
lt_cv_to_tool_file_cmd=func_convert_file_noop
pkg_cv_GTKDOC_DEPS_CFLAGS='-I/usr/include/glib-2.0 -I/usr/lib/x86_64-linux-gnu/glib-2.0/include'
pkg_cv_GTKDOC_DEPS_LIBS='-lgobject-2.0 -lglib-2.0'
pkg_cv_GTK_CFLAGS='-pthread -I/usr/include/gtk-2.0 -I/usr/lib/x86_64-linux-gnu/gtk-2.0/include -I/usr/include/pango-1.0 -I/usr/include/atk-1.0 -I/usr/include/gdk-pixbuf-2.0 -I/usr/include/libmount -I/usr/include/blkid -I/usr/include/pango-1.0 -I/usr/include/fribidi -I/usr/include/cairo -I/usr/include/pixman-1 -I/usr/include/harfbuzz -I/usr/include/uuid -I/usr/include/freetype2 -I/usr/include/libpng16 -I/usr/include/glib-2.0 -I/usr/lib/x86_64-linux-gnu/glib-2.0/include -I/usr/include/libxml2'
pkg_cv_GTK_LIBS='-lgtk-x11-2.0 -lgdk-x11-2.0 -lpangocairo-1.0 -latk-1.0 -lcairo -lgdk_pixbuf-2.0 -lgio-2.0 -lpangoft2-1.0 -lpango-1.0 -lgobject-2.0 -lharfbuzz -lfontconfig -lfreetype -Wl,--export-dynamic -lgmodule-2.0 -pthread -lgthread-2.0 -pthread -lglib-2.0 -lxml2'

## ----------------- ##
## Output variables. ##
## ----------------- ##

ACLOCAL='${SHELL} /home/luigi/Documents/Masterproef/glade3-3.8.5/missing aclocal-1.14'
ACLOCAL_AMFLAGS='${ACLOCAL_FLAGS}'
ALL_LINGUAS=''
AMDEPBACKSLASH='\'
AMDEP_FALSE='#'
AMDEP_TRUE=''
AMTAR='$${TAR-tar}'
AM_BACKSLASH='\'
AM_CFLAGS=''
AM_CPPFLAGS=''
AM_CXXFLAGS=''
AM_DEFAULT_V='$(AM_DEFAULT_VERBOSITY)'
AM_DEFAULT_VERBOSITY='0'
AM_LDFLAGS=''
AM_V='$(V)'
AR='ar'
AS='as'
AUTOCONF='${SHELL} /home/luigi/Documents/Masterproef/glade3-3.8.5/missing autoconf'
AUTOHEADER='${SHELL} /home/luigi/Documents/Masterproef/glade3-3.8.5/missing autoheader'
AUTOMAKE='${SHELL} /home/luigi/Documents/Masterproef/glade3-3.8.5/missing automake-1.14'
AWK='gawk'
BUILD_GNOME_FALSE=''
BUILD_GNOME_TRUE='#'
BUILD_PYTHON_FALSE=''
BUILD_PYTHON_TRUE='#'
CATALOGS=''
CATOBJEXT='.gmo'
CC='gcc'
CCDEPMODE='depmode=gcc3'
CFLAGS='-g -O2'
CPP='gcc -E'
CPPFLAGS=''
CYGPATH_W='echo'
DATADIRNAME='share'
DEFS='-DHAVE_CONFIG_H'
DEPDIR='.deps'
DISABLE_DEPRECATED=''
DISTCHECK_CONFIGURE_FLAGS='--disable-scrollkeeper '
DLLTOOL='dlltool'
DOC_USER_FORMATS=''
DSYMUTIL=''
DUMPBIN=''
ECHO_C=''
ECHO_N='-n'
ECHO_T=''
EGREP='/usr/bin/grep -E'
ENABLE_GTK_DOC_FALSE=''
ENABLE_GTK_DOC_TRUE='#'
ENABLE_SK_FALSE=''
ENABLE_SK_TRUE='#'
EXEEXT=''
FGREP='/usr/bin/grep -F'
GDK_TARGET_QUARTZ_FALSE=''
GDK_TARGET_QUARTZ_TRUE='#'
GETTEXT_PACKAGE='glade3'
GLADE_AGE='2'
GLADE_CURRENT='13'
GLADE_CURRENT_MINUS_AGE='11'
GLADE_MAJOR_VERSION='3'
GLADE_MICRO_VERSION='5'
GLADE_MINOR_VERSION='8'
GLADE_REVISION='0'
GLADE_UNSTABLE='no'
GLADE_UNSTABLE_FALSE=''
GLADE_UNSTABLE_TRUE='#'
GLIB_GENMARSHAL='/usr/bin/glib-genmarshal'
GMOFILES=''
GMSGFMT='/usr/bin/msgfmt'
GNOME_CFLAGS=''
GNOME_LIBS=''
GREP='/usr/bin/grep'
GTKDOC_CHECK=''
GTKDOC_CHECK_PATH=''
GTKDOC_DEPS_CFLAGS='-I/usr/include/glib-2.0 -I/usr/lib/x86_64-linux-gnu/glib-2.0/include'
GTKDOC_DEPS_LIBS='-lgobject-2.0 -lglib-2.0'
GTKDOC_MKPDF=''
GTKDOC_REBASE='true'
GTK_CFLAGS='-pthread -I/usr/include/gtk-2.0 -I/usr/lib/x86_64-linux-gnu/gtk-2.0/include -I/usr/include/pango-1.0 -I/usr/include/atk-1.0 -I/usr/include/gdk-pixbuf-2.0 -I/usr/include/libmount -I/usr/include/blkid -I/usr/include/pango-1.0 -I/usr/include/fribidi -I/usr/include/cairo -I/usr/include/pixman-1 -I/usr/include/harfbuzz -I/usr/include/uuid -I/usr/include/freetype2 -I/usr/include/libpng16 -I/usr/include/glib-2.0 -I/usr/lib/x86_64-linux-gnu/glib-2.0/include -I/usr/include/libxml2'
GTK_DOC_BUILD_HTML_FALSE='#'
GTK_DOC_BUILD_HTML_TRUE=''
GTK_DOC_BUILD_PDF_FALSE=''
GTK_DOC_BUILD_PDF_TRUE='#'
GTK_DOC_USE_LIBTOOL_FALSE='#'
GTK_DOC_USE_LIBTOOL_TRUE=''
GTK_DOC_USE_REBASE_FALSE='#'
GTK_DOC_USE_REBASE_TRUE=''
GTK_LIBS='-lgtk-x11-2.0 -lgdk-x11-2.0 -lpangocairo-1.0 -latk-1.0 -lcairo -lgdk_pixbuf-2.0 -lgio-2.0 -lpangoft2-1.0 -lpango-1.0 -lgobject-2.0 -lharfbuzz -lfontconfig -lfreetype -Wl,--export-dynamic -lgmodule-2.0 -pthread -lgthread-2.0 -pthread -lglib-2.0 -lxml2'
GTK_MAC_BUNDLE_FLAG=''
GTK_MAC_CFLAGS=''
GTK_MAC_LIBS=''
HAVE_GNOME_DOC_UTILS_FALSE=''
HAVE_GNOME_DOC_UTILS_TRUE='#'
HAVE_GTK_DOC_FALSE=''
HAVE_GTK_DOC_TRUE='#'
HAVE_GTK_UNIX_PRINT_FALSE='#'
HAVE_GTK_UNIX_PRINT_TRUE=''
HELP_DIR='${datadir}/gnome/help'
HTML_DIR='${datadir}/gtk-doc/html'
INSTALL_DATA='${INSTALL} -m 644'
INSTALL_PROGRAM='${INSTALL}'
INSTALL_SCRIPT='${INSTALL}'
INSTALL_STRIP_PROGRAM='$(install_sh) -c -s'
INSTOBJEXT='.mo'
INTLLIBS=''
INTLTOOL_CAVES_RULE='%.caves:     %.caves.in     $(INTLTOOL_MERGE) $(wildcard $(top_srcdir)/po/*.po) ; $(INTLTOOL_V_MERGE)LC_ALL=C $(INTLTOOL_MERGE) $(INTLTOOL_V_MERGE_OPTIONS) -d -u -c $(top_builddir)/po/.intltool-merge-cache $(top_srcdir)/po $< $@'
INTLTOOL_DESKTOP_RULE='%.desktop:   %.desktop.in   $(INTLTOOL_MERGE) $(wildcard $(top_srcdir)/po/*.po) ; $(INTLTOOL_V_MERGE)LC_ALL=C $(INTLTOOL_MERGE) $(INTLTOOL_V_MERGE_OPTIONS) -d -u -c $(top_builddir)/po/.intltool-merge-cache $(top_srcdir)/po $< $@'
INTLTOOL_DIRECTORY_RULE='%.directory: %.directory.in $(INTLTOOL_MERGE) $(wildcard $(top_srcdir)/po/*.po) ; $(INTLTOOL_V_MERGE)LC_ALL=C $(INTLTOOL_MERGE) $(INTLTOOL_V_MERGE_OPTIONS) -d -u -c $(top_builddir)/po/.intltool-merge-cache $(top_srcdir)/po $< $@'
INTLTOOL_EXTRACT='/usr/bin/intltool-extract'
INTLTOOL_KBD_RULE='%.kbd:       %.kbd.in       $(INTLTOOL_MERGE) $(wildcard $(top_srcdir)/po/*.po) ; $(INTLTOOL_V_MERGE)LC_ALL=C $(INTLTOOL_MERGE) $(INTLTOOL_V_MERGE_OPTIONS) -x -u -m -c $(top_builddir)/po/.intltool-merge-cache $(top_srcdir)/po $< $@'
INTLTOOL_KEYS_RULE='%.keys:      %.keys.in      $(INTLTOOL_MERGE) $(wildcard $(top_srcdir)/po/*.po) ; $(INTLTOOL_V_MERGE)LC_ALL=C $(INTLTOOL_MERGE) $(INTLTOOL_V_MERGE_OPTIONS) -k -u -c $(top_builddir)/po/.intltool-merge-cache $(top_srcdir)/po $< $@'
INTLTOOL_MERGE='/usr/bin/intltool-merge'
INTLTOOL_OAF_RULE='%.oaf:       %.oaf.in       $(INTLTOOL_MERGE) $(wildcard $(top_srcdir)/po/*.po) ; $(INTLTOOL_V_MERGE)LC_ALL=C $(INTLTOOL_MERGE) $(INTLTOOL_V_MERGE_OPTIONS) -o -p $(top_srcdir)/po $< $@'
INTLTOOL_PERL='/usr/bin/perl'
INTLTOOL_POLICY_RULE='%.policy:    %.policy.in    $(INTLTOOL_MERGE) $(wildcard $(top_srcdir)/po/*.po) ; $(INTLTOOL_V_MERGE)LC_ALL=C $(INTLTOOL_MERGE) $(INTLTOOL_V_MERGE_OPTIONS) -x -u -c $(top_builddir)/po/.intltool-merge-cache $(top_srcdir)/po $< $@'
INTLTOOL_PONG_RULE='%.pong:      %.pong.in      $(INTLTOOL_MERGE) $(wildcard $(top_srcdir)/po/*.po) ; $(INTLTOOL_V_MERGE)LC_ALL=C $(INTLTOOL_MERGE) $(INTLTOOL_V_MERGE_OPTIONS) -x -u -c $(top_builddir)/po/.intltool-merge-cache $(top_srcdir)/po $< $@'
INTLTOOL_PROP_RULE='%.prop:      %.prop.in      $(INTLTOOL_MERGE) $(wildcard $(top_srcdir)/po/*.po) ; $(INTLTOOL_V_MERGE)LC_ALL=C $(INTLTOOL_MERGE) $(INTLTOOL_V_MERGE_OPTIONS) -d -u -c $(top_builddir)/po/.intltool-merge-cache $(top_srcdir)/po $< $@'
INTLTOOL_SCHEMAS_RULE='%.schemas:   %.schemas.in   $(INTLTOOL_MERGE) $(wildcard $(top_srcdir)/po/*.po) ; $(INTLTOOL_V_MERGE)LC_ALL=C $(INTLTOOL_MERGE) $(INTLTOOL_V_MERGE_OPTIONS) -s -u -c $(top_builddir)/po/.intltool-merge-cache $(top_srcdir)/po $< $@'
INTLTOOL_SERVER_RULE='%.server:    %.server.in    $(INTLTOOL_MERGE) $(wildcard $(top_srcdir)/po/*.po) ; $(INTLTOOL_V_MERGE)LC_ALL=C $(INTLTOOL_MERGE) $(INTLTOOL_V_MERGE_OPTIONS) -o -u -c $(top_builddir)/po/.intltool-merge-cache $(top_srcdir)/po $< $@'
INTLTOOL_SERVICE_RULE='%.service: %.service.in   $(INTLTOOL_MERGE) $(wildcard $(top_srcdir)/po/*.po) ; $(INTLTOOL_V_MERGE)LC_ALL=C $(INTLTOOL_MERGE) $(INTLTOOL_V_MERGE_OPTIONS) -d -u -c $(top_builddir)/po/.intltool-merge-cache $(top_srcdir)/po $< $@'
INTLTOOL_SHEET_RULE='%.sheet:     %.sheet.in     $(INTLTOOL_MERGE) $(wildcard $(top_srcdir)/po/*.po) ; $(INTLTOOL_V_MERGE)LC_ALL=C $(INTLTOOL_MERGE) $(INTLTOOL_V_MERGE_OPTIONS) -x -u -c $(top_builddir)/po/.intltool-merge-cache $(top_srcdir)/po $< $@'
INTLTOOL_SOUNDLIST_RULE='%.soundlist: %.soundlist.in $(INTLTOOL_MERGE) $(wildcard $(top_srcdir)/po/*.po) ; $(INTLTOOL_V_MERGE)LC_ALL=C $(INTLTOOL_MERGE) $(INTLTOOL_V_MERGE_OPTIONS) -d -u -c $(top_builddir)/po/.intltool-merge-cache $(top_srcdir)/po $< $@'
INTLTOOL_THEME_RULE='%.theme:     %.theme.in     $(INTLTOOL_MERGE) $(wildcard $(top_srcdir)/po/*.po) ; $(INTLTOOL_V_MERGE)LC_ALL=C $(INTLTOOL_MERGE) $(INTLTOOL_V_MERGE_OPTIONS) -d -u -c $(top_builddir)/po/.intltool-merge-cache $(top_srcdir)/po $< $@'
INTLTOOL_UI_RULE='%.ui:        %.ui.in        $(INTLTOOL_MERGE) $(wildcard $(top_srcdir)/po/*.po) ; $(INTLTOOL_V_MERGE)LC_ALL=C $(INTLTOOL_MERGE) $(INTLTOOL_V_MERGE_OPTIONS) -x -u -c $(top_builddir)/po/.intltool-merge-cache $(top_srcdir)/po $< $@'
INTLTOOL_UPDATE='/usr/bin/intltool-update'
INTLTOOL_V_MERGE='$(INTLTOOL__v_MERGE_$(V))'
INTLTOOL_V_MERGE_OPTIONS='$(intltool__v_merge_options_$(V))'
INTLTOOL_XAM_RULE='%.xam:       %.xml.in       $(INTLTOOL_MERGE) $(wildcard $(top_srcdir)/po/*.po) ; $(INTLTOOL_V_MERGE)LC_ALL=C $(INTLTOOL_MERGE) $(INTLTOOL_V_MERGE_OPTIONS) -x -u -c $(top_builddir)/po/.intltool-merge-cache $(top_srcdir)/po $< $@'
INTLTOOL_XML_NOMERGE_RULE='%.xml:       %.xml.in       $(INTLTOOL_MERGE) ; $(INTLTOOL_V_MERGE)LC_ALL=C $(INTLTOOL_MERGE) $(INTLTOOL_V_MERGE_OPTIONS) -x -u --no-translations $< $@'
INTLTOOL_XML_RULE='%.xml:       %.xml.in       $(INTLTOOL_MERGE) $(wildcard $(top_srcdir)/po/*.po) ; $(INTLTOOL_V_MERGE)LC_ALL=C $(INTLTOOL_MERGE) $(INTLTOOL_V_MERGE_OPTIONS) -x -u -c $(top_builddir)/po/.intltool-merge-cache $(top_srcdir)/po $< $@'
INTLTOOL__v_MERGE_0='@echo "  ITMRG " $@;'
INTLTOOL__v_MERGE_='$(INTLTOOL__v_MERGE_$(AM_DEFAULT_VERBOSITY))'
LD='/usr/bin/ld -m elf_x86_64'
LDFLAGS=''
LIBOBJS=''
LIBS='-lgtk-x11-2.0 -lgdk-x11-2.0 -lpangocairo-1.0 -latk-1.0 -lcairo -lgdk_pixbuf-2.0 -lgio-2.0 -lpangoft2-1.0 -lpango-1.0 -lgobject-2.0 -lharfbuzz -lfontconfig -lfreetype -Wl,--export-dynamic -lgmodule-2.0 -pthread -lgthread-2.0 -pthread -lglib-2.0 -lxml2'
LIBTOOL='$(SHELL) $(top_builddir)/libtool'
LIPO=''
LN_S='ln -s'
LTLIBOBJS=''
MAINT='#'
MAINTAINER_MODE_FALSE=''
MAINTAINER_MODE_TRUE='#'
MAKEINFO='${SHELL} /home/luigi/Documents/Masterproef/glade3-3.8.5/missing makeinfo'
MANIFEST_TOOL=':'
MKDIR_P='/usr/bin/mkdir -p'
MKINSTALLDIRS='./mkinstalldirs'
MSGFMT='/usr/bin/msgfmt'
MSGFMT_OPTS='-c'
MSGMERGE='/usr/bin/msgmerge'
NATIVE_WIN32_FALSE=''
NATIVE_WIN32_TRUE='#'
NM='/usr/bin/nm -B'
NMEDIT=''
OBJDUMP='objdump'
OBJEXT='o'
OMF_DIR='${datadir}/omf'
OTOOL64=''
OTOOL=''
PACKAGE='glade3'
PACKAGE_BUGREPORT='http://bugzilla.gnome.org/enter_bug.cgi?product=glade3'
PACKAGE_NAME='glade3'
PACKAGE_STRING='glade3 3.8.5'
PACKAGE_TARNAME='glade3'
PACKAGE_URL=''
PACKAGE_VERSION='3.8.5'
PATH_SEPARATOR=':'
PKG_CONFIG='/usr/bin/pkg-config'
PKG_CONFIG_LIBDIR=''
PKG_CONFIG_PATH=''
PLATFORM_WIN32_FALSE=''
PLATFORM_WIN32_TRUE='#'
PLUGINS_WARN_CFLAGS='-Wall -Wnested-externs -Wpointer-arith'
POFILES=''
POSUB='po'
PO_IN_DATADIR_FALSE=''
PO_IN_DATADIR_TRUE=''
PYGTK_CFLAGS=''
PYGTK_LIBS=''
PYTHON='/usr/bin/python3'
PYTHON_EXEC_PREFIX='${exec_prefix}'
PYTHON_INCLUDES='-I/include/python3.8'
PYTHON_LIBS='-L/lib -lpython3.8'
PYTHON_LIB_LOC='/lib'
PYTHON_PLATFORM='linux'
PYTHON_PREFIX='${prefix}'
PYTHON_VERSION='3.8'
RANLIB='ranlib'
SED='/usr/bin/sed'
SET_MAKE=''
SHELL='/bin/bash'
STRIP='strip'
USE_NLS='yes'
VERSION='3.8.5'
WARN_CFLAGS=' -Wall -Wstrict-prototypes -Wnested-externs -Werror=missing-prototypes -Werror=implicit-function-declaration -Werror=pointer-arith -Werror=init-self -Werror=format-security -Werror=format=2 -Werror=missing-include-dirs '
WINDRES=''
XGETTEXT='/usr/bin/xgettext'
ac_ct_AR='ar'
ac_ct_CC='gcc'
ac_ct_DUMPBIN=''
am__EXEEXT_FALSE=''
am__EXEEXT_TRUE='#'
am__fastdepCC_FALSE='#'
am__fastdepCC_TRUE=''
am__include='include'
am__isrc=''
am__leading_dot='.'
am__nodep='_no'
am__quote=''
am__tar='$${TAR-tar} chof - "$$tardir"'
am__untar='$${TAR-tar} xf -'
bindir='${exec_prefix}/bin'
build='x86_64-unknown-linux-gnu'
build_alias=''
build_cpu='x86_64'
build_os='linux-gnu'
build_vendor='unknown'
datadir='${datarootdir}'
datarootdir='${prefix}/share'
docdir='${datarootdir}/doc/${PACKAGE_TARNAME}'
dvidir='${docdir}'
exec_prefix='${prefix}'
host='x86_64-unknown-linux-gnu'
host_alias=''
host_cpu='x86_64'
host_os='linux-gnu'
host_vendor='unknown'
htmldir='${docdir}'
includedir='${prefix}/include'
infodir='${datarootdir}/info'
install_sh='${SHELL} /home/luigi/Documents/Masterproef/glade3-3.8.5/install-sh'
intltool__v_merge_options_0='-q'
intltool__v_merge_options_='$(intltool__v_merge_options_$(AM_DEFAULT_VERBOSITY))'
libdir='${exec_prefix}/lib'
libexecdir='${exec_prefix}/libexec'
localedir='${datarootdir}/locale'
localstatedir='${prefix}/var'
mandir='${datarootdir}/man'
mkdir_p='$(MKDIR_P)'
oldincludedir='/usr/include'
pdfdir='${docdir}'
pkgpyexecdir='${pyexecdir}/glade3'
pkgpythondir='${pythondir}/glade3'
prefix='/usr/local'
program_transform_name='s,x,x,'
psdir='${docdir}'
pyexecdir='${exec_prefix}/lib/python3.8/site-packages'
pythondir='${prefix}/lib/python3.8/site-packages'
sbindir='${exec_prefix}/sbin'
sharedstatedir='${prefix}/com'
sysconfdir='${prefix}/etc'
target='x86_64-unknown-linux-gnu'
target_alias=''
target_cpu='x86_64'
target_os='linux-gnu'
target_vendor='unknown'

## ----------- ##
## confdefs.h. ##
## ----------- ##

/* confdefs.h */
#define PACKAGE_NAME "glade3"
#define PACKAGE_TARNAME "glade3"
#define PACKAGE_VERSION "3.8.5"
#define PACKAGE_STRING "glade3 3.8.5"
#define PACKAGE_BUGREPORT "http://bugzilla.gnome.org/enter_bug.cgi?product=glade3"
#define PACKAGE_URL ""
#define GLADE_MAJOR_VERSION 3
#define GLADE_MINOR_VERSION 8
#define GLADE_MICRO_VERSION 5
#define PACKAGE "glade3"
#define VERSION "3.8.5"
#define STDC_HEADERS 1
#define HAVE_SYS_TYPES_H 1
#define HAVE_SYS_STAT_H 1
#define HAVE_STDLIB_H 1
#define HAVE_STRING_H 1
#define HAVE_MEMORY_H 1
#define HAVE_STRINGS_H 1
#define HAVE_INTTYPES_H 1
#define HAVE_STDINT_H 1
#define HAVE_UNISTD_H 1
#define HAVE_DLFCN_H 1
#define LT_OBJDIR ".libs/"
#define GETTEXT_PACKAGE "glade3"
#define HAVE_LOCALE_H 1
#define HAVE_LC_MESSAGES 1
#define HAVE_BIND_TEXTDOMAIN_CODESET 1
#define HAVE_GETTEXT 1
#define HAVE_DCGETTEXT 1
#define ENABLE_NLS 1
#define HAVE_GTK_PRINT_UNIX_DIALOG_NEW 1
#define PYGTK_REQUIRED_MAJOR 2
#define PYGTK_REQUIRED_MINOR 10
#define PYGTK_REQUIRED_MICRO 0

configure: exit 0
